The system is: Darwin - 12.4.0 - i386
Compiling the C compiler identification source file "CMakeCCompilerId.c" succeeded.
Compiler: /usr/bin/cc 
Build flags: 
Id flags: 

The output was:
0


Compilation of the C compiler identification source "CMakeCCompilerId.c" produced "a.out"

The C compiler identification is Clang, found in "/Users/jgregson/Code/GithubProjects/pyPolyCSG/build/CMakeFiles/2.8.10.2/CompilerIdC/a.out"

Compiling the CXX compiler identification source file "CMakeCXXCompilerId.cpp" succeeded.
Compiler: /usr/bin/c++ 
Build flags: 
Id flags: 

The output was:
0


Compilation of the CXX compiler identification source "CMakeCXXCompilerId.cpp" produced "a.out"

The CXX compiler identification is Clang, found in "/Users/jgregson/Code/GithubProjects/pyPolyCSG/build/CMakeFiles/2.8.10.2/CompilerIdCXX/a.out"

Determining if the C compiler works passed with the following output:
Change Dir: /Users/jgregson/Code/GithubProjects/pyPolyCSG/build/CMakeFiles/CMakeTmp

Run Build Command:/usr/bin/make "cmTryCompileExec1482044021/fast"
/usr/bin/make -f CMakeFiles/cmTryCompileExec1482044021.dir/build.make CMakeFiles/cmTryCompileExec1482044021.dir/build
/opt/local/bin/cmake -E cmake_progress_report /Users/jgregson/Code/GithubProjects/pyPolyCSG/build/CMakeFiles/CMakeTmp/CMakeFiles 1
Building C object CMakeFiles/cmTryCompileExec1482044021.dir/testCCompiler.c.o
/usr/bin/cc    -o CMakeFiles/cmTryCompileExec1482044021.dir/testCCompiler.c.o   -c /Users/jgregson/Code/GithubProjects/pyPolyCSG/build/CMakeFiles/CMakeTmp/testCCompiler.c
Linking C executable cmTryCompileExec1482044021
/opt/local/bin/cmake -E cmake_link_script CMakeFiles/cmTryCompileExec1482044021.dir/link.txt --verbose=1
/usr/bin/cc      -Wl,-search_paths_first -Wl,-headerpad_max_install_names   CMakeFiles/cmTryCompileExec1482044021.dir/testCCompiler.c.o  -o cmTryCompileExec1482044021  


Detecting C compiler ABI info compiled with the following output:
Change Dir: /Users/jgregson/Code/GithubProjects/pyPolyCSG/build/CMakeFiles/CMakeTmp

Run Build Command:/usr/bin/make "cmTryCompileExec122029693/fast"
/usr/bin/make -f CMakeFiles/cmTryCompileExec122029693.dir/build.make CMakeFiles/cmTryCompileExec122029693.dir/build
/opt/local/bin/cmake -E cmake_progress_report /Users/jgregson/Code/GithubProjects/pyPolyCSG/build/CMakeFiles/CMakeTmp/CMakeFiles 1
Building C object CMakeFiles/cmTryCompileExec122029693.dir/CMakeCCompilerABI.c.o
/usr/bin/cc    -o CMakeFiles/cmTryCompileExec122029693.dir/CMakeCCompilerABI.c.o   -c /opt/local/share/cmake-2.8/Modules/CMakeCCompilerABI.c
Linking C executable cmTryCompileExec122029693
/opt/local/bin/cmake -E cmake_link_script CMakeFiles/cmTryCompileExec122029693.dir/link.txt --verbose=1
/usr/bin/cc      -Wl,-search_paths_first -Wl,-headerpad_max_install_names -v CMakeFiles/cmTryCompileExec122029693.dir/CMakeCCompilerABI.c.o  -o cmTryCompileExec122029693   
Apple clang version 4.1 (tags/Apple/clang-421.11.66) (based on LLVM 3.1svn)
Target: x86_64-apple-darwin12.4.0
Thread model: posix
 "/usr/bin/ld" -demangle -dynamic -arch x86_64 -macosx_version_min 10.8.0 -o cmTryCompileExec122029693 -search_paths_first -headerpad_max_install_names CMakeFiles/cmTryCompileExec122029693.dir/CMakeCCompilerABI.c.o -lSystem /usr/bin/../lib/clang/4.1/lib/darwin/libclang_rt.osx.a


Parsed C implicit link information from above output:
  link line regex: [^( *|.*[/\])(ld|ld|collect2)[^/\]*( |$)]
  ignore line: [Change Dir: /Users/jgregson/Code/GithubProjects/pyPolyCSG/build/CMakeFiles/CMakeTmp]
  ignore line: []
  ignore line: [Run Build Command:/usr/bin/make "cmTryCompileExec122029693/fast"]
  ignore line: [/usr/bin/make -f CMakeFiles/cmTryCompileExec122029693.dir/build.make CMakeFiles/cmTryCompileExec122029693.dir/build]
  ignore line: [/opt/local/bin/cmake -E cmake_progress_report /Users/jgregson/Code/GithubProjects/pyPolyCSG/build/CMakeFiles/CMakeTmp/CMakeFiles 1]
  ignore line: [Building C object CMakeFiles/cmTryCompileExec122029693.dir/CMakeCCompilerABI.c.o]
  ignore line: [/usr/bin/cc    -o CMakeFiles/cmTryCompileExec122029693.dir/CMakeCCompilerABI.c.o   -c /opt/local/share/cmake-2.8/Modules/CMakeCCompilerABI.c]
  ignore line: [Linking C executable cmTryCompileExec122029693]
  ignore line: [/opt/local/bin/cmake -E cmake_link_script CMakeFiles/cmTryCompileExec122029693.dir/link.txt --verbose=1]
  ignore line: [/usr/bin/cc      -Wl,-search_paths_first -Wl,-headerpad_max_install_names -v CMakeFiles/cmTryCompileExec122029693.dir/CMakeCCompilerABI.c.o  -o cmTryCompileExec122029693   ]
  ignore line: [Apple clang version 4.1 (tags/Apple/clang-421.11.66) (based on LLVM 3.1svn)]
  ignore line: [Target: x86_64-apple-darwin12.4.0]
  ignore line: [Thread model: posix]
  link line: [ "/usr/bin/ld" -demangle -dynamic -arch x86_64 -macosx_version_min 10.8.0 -o cmTryCompileExec122029693 -search_paths_first -headerpad_max_install_names CMakeFiles/cmTryCompileExec122029693.dir/CMakeCCompilerABI.c.o -lSystem /usr/bin/../lib/clang/4.1/lib/darwin/libclang_rt.osx.a]
    arg [/usr/bin/ld] ==> ignore
    arg [-demangle] ==> ignore
    arg [-dynamic] ==> ignore
    arg [-arch] ==> ignore
    arg [x86_64] ==> ignore
    arg [-macosx_version_min] ==> ignore
    arg [10.8.0] ==> ignore
    arg [-o] ==> ignore
    arg [cmTryCompileExec122029693] ==> ignore
    arg [-search_paths_first] ==> ignore
    arg [-headerpad_max_install_names] ==> ignore
    arg [CMakeFiles/cmTryCompileExec122029693.dir/CMakeCCompilerABI.c.o] ==> ignore
    arg [-lSystem] ==> lib [System]
    arg [/usr/bin/../lib/clang/4.1/lib/darwin/libclang_rt.osx.a] ==> lib [/usr/bin/../lib/clang/4.1/lib/darwin/libclang_rt.osx.a]
  remove lib [System]
  implicit libs: [/usr/bin/../lib/clang/4.1/lib/darwin/libclang_rt.osx.a]
  implicit dirs: []


Determining if the CXX compiler works passed with the following output:
Change Dir: /Users/jgregson/Code/GithubProjects/pyPolyCSG/build/CMakeFiles/CMakeTmp

Run Build Command:/usr/bin/make "cmTryCompileExec3947753192/fast"
/usr/bin/make -f CMakeFiles/cmTryCompileExec3947753192.dir/build.make CMakeFiles/cmTryCompileExec3947753192.dir/build
/opt/local/bin/cmake -E cmake_progress_report /Users/jgregson/Code/GithubProjects/pyPolyCSG/build/CMakeFiles/CMakeTmp/CMakeFiles 1
Building CXX object CMakeFiles/cmTryCompileExec3947753192.dir/testCXXCompiler.cxx.o
/usr/bin/c++     -o CMakeFiles/cmTryCompileExec3947753192.dir/testCXXCompiler.cxx.o -c /Users/jgregson/Code/GithubProjects/pyPolyCSG/build/CMakeFiles/CMakeTmp/testCXXCompiler.cxx
Linking CXX executable cmTryCompileExec3947753192
/opt/local/bin/cmake -E cmake_link_script CMakeFiles/cmTryCompileExec3947753192.dir/link.txt --verbose=1
/usr/bin/c++       -Wl,-search_paths_first -Wl,-headerpad_max_install_names   CMakeFiles/cmTryCompileExec3947753192.dir/testCXXCompiler.cxx.o  -o cmTryCompileExec3947753192  


Detecting CXX compiler ABI info compiled with the following output:
Change Dir: /Users/jgregson/Code/GithubProjects/pyPolyCSG/build/CMakeFiles/CMakeTmp

Run Build Command:/usr/bin/make "cmTryCompileExec682158742/fast"
/usr/bin/make -f CMakeFiles/cmTryCompileExec682158742.dir/build.make CMakeFiles/cmTryCompileExec682158742.dir/build
/opt/local/bin/cmake -E cmake_progress_report /Users/jgregson/Code/GithubProjects/pyPolyCSG/build/CMakeFiles/CMakeTmp/CMakeFiles 1
Building CXX object CMakeFiles/cmTryCompileExec682158742.dir/CMakeCXXCompilerABI.cpp.o
/usr/bin/c++     -o CMakeFiles/cmTryCompileExec682158742.dir/CMakeCXXCompilerABI.cpp.o -c /opt/local/share/cmake-2.8/Modules/CMakeCXXCompilerABI.cpp
Linking CXX executable cmTryCompileExec682158742
/opt/local/bin/cmake -E cmake_link_script CMakeFiles/cmTryCompileExec682158742.dir/link.txt --verbose=1
/usr/bin/c++       -Wl,-search_paths_first -Wl,-headerpad_max_install_names -v CMakeFiles/cmTryCompileExec682158742.dir/CMakeCXXCompilerABI.cpp.o  -o cmTryCompileExec682158742   
Apple clang version 4.1 (tags/Apple/clang-421.11.66) (based on LLVM 3.1svn)
Target: x86_64-apple-darwin12.4.0
Thread model: posix
 "/usr/bin/ld" -demangle -dynamic -arch x86_64 -macosx_version_min 10.8.0 -o cmTryCompileExec682158742 -search_paths_first -headerpad_max_install_names CMakeFiles/cmTryCompileExec682158742.dir/CMakeCXXCompilerABI.cpp.o -lstdc++ -lSystem /usr/bin/../lib/clang/4.1/lib/darwin/libclang_rt.osx.a


Parsed CXX implicit link information from above output:
  link line regex: [^( *|.*[/\])(ld|ld|collect2)[^/\]*( |$)]
  ignore line: [Change Dir: /Users/jgregson/Code/GithubProjects/pyPolyCSG/build/CMakeFiles/CMakeTmp]
  ignore line: []
  ignore line: [Run Build Command:/usr/bin/make "cmTryCompileExec682158742/fast"]
  ignore line: [/usr/bin/make -f CMakeFiles/cmTryCompileExec682158742.dir/build.make CMakeFiles/cmTryCompileExec682158742.dir/build]
  ignore line: [/opt/local/bin/cmake -E cmake_progress_report /Users/jgregson/Code/GithubProjects/pyPolyCSG/build/CMakeFiles/CMakeTmp/CMakeFiles 1]
  ignore line: [Building CXX object CMakeFiles/cmTryCompileExec682158742.dir/CMakeCXXCompilerABI.cpp.o]
  ignore line: [/usr/bin/c++     -o CMakeFiles/cmTryCompileExec682158742.dir/CMakeCXXCompilerABI.cpp.o -c /opt/local/share/cmake-2.8/Modules/CMakeCXXCompilerABI.cpp]
  ignore line: [Linking CXX executable cmTryCompileExec682158742]
  ignore line: [/opt/local/bin/cmake -E cmake_link_script CMakeFiles/cmTryCompileExec682158742.dir/link.txt --verbose=1]
  ignore line: [/usr/bin/c++       -Wl,-search_paths_first -Wl,-headerpad_max_install_names -v CMakeFiles/cmTryCompileExec682158742.dir/CMakeCXXCompilerABI.cpp.o  -o cmTryCompileExec682158742   ]
  ignore line: [Apple clang version 4.1 (tags/Apple/clang-421.11.66) (based on LLVM 3.1svn)]
  ignore line: [Target: x86_64-apple-darwin12.4.0]
  ignore line: [Thread model: posix]
  link line: [ "/usr/bin/ld" -demangle -dynamic -arch x86_64 -macosx_version_min 10.8.0 -o cmTryCompileExec682158742 -search_paths_first -headerpad_max_install_names CMakeFiles/cmTryCompileExec682158742.dir/CMakeCXXCompilerABI.cpp.o -lstdc++ -lSystem /usr/bin/../lib/clang/4.1/lib/darwin/libclang_rt.osx.a]
    arg [/usr/bin/ld] ==> ignore
    arg [-demangle] ==> ignore
    arg [-dynamic] ==> ignore
    arg [-arch] ==> ignore
    arg [x86_64] ==> ignore
    arg [-macosx_version_min] ==> ignore
    arg [10.8.0] ==> ignore
    arg [-o] ==> ignore
    arg [cmTryCompileExec682158742] ==> ignore
    arg [-search_paths_first] ==> ignore
    arg [-headerpad_max_install_names] ==> ignore
    arg [CMakeFiles/cmTryCompileExec682158742.dir/CMakeCXXCompilerABI.cpp.o] ==> ignore
    arg [-lstdc++] ==> lib [stdc++]
    arg [-lSystem] ==> lib [System]
    arg [/usr/bin/../lib/clang/4.1/lib/darwin/libclang_rt.osx.a] ==> lib [/usr/bin/../lib/clang/4.1/lib/darwin/libclang_rt.osx.a]
  remove lib [System]
  implicit libs: [stdc++;/usr/bin/../lib/clang/4.1/lib/darwin/libclang_rt.osx.a]
  implicit dirs: []


